{"/home/chipmunkgeek/repositories/marqeta/sdks/core/src/index.js": {"path":"/home/chipmunkgeek/repositories/marqeta/sdks/core/src/index.js","statementMap":{},"fnMap":{},"branchMap":{},"s":{},"f":{},"b":{}}
,"/home/chipmunkgeek/repositories/marqeta/sdks/core/src/marqeta.js": {"path":"/home/chipmunkgeek/repositories/marqeta/sdks/core/src/marqeta.js","statementMap":{"0":{"start":{"line":9,"column":4},"end":{"line":11,"column":5}},"1":{"start":{"line":10,"column":6},"end":{"line":10,"column":90}},"2":{"start":{"line":13,"column":4},"end":{"line":16,"column":5}},"3":{"start":{"line":18,"column":4},"end":{"line":20,"column":5}},"4":{"start":{"line":19,"column":6},"end":{"line":19,"column":38}},"5":{"start":{"line":22,"column":4},"end":{"line":24,"column":5}},"6":{"start":{"line":23,"column":6},"end":{"line":23,"column":64}},"7":{"start":{"line":28,"column":4},"end":{"line":28,"column":39}},"8":{"start":{"line":32,"column":4},"end":{"line":32,"column":46}}},"fnMap":{"0":{"name":"(anonymous_0)","decl":{"start":{"line":8,"column":2},"end":{"line":8,"column":3}},"loc":{"start":{"line":8,"column":38},"end":{"line":25,"column":3}},"line":8},"1":{"name":"(anonymous_1)","decl":{"start":{"line":27,"column":2},"end":{"line":27,"column":3}},"loc":{"start":{"line":27,"column":18},"end":{"line":29,"column":3}},"line":27},"2":{"name":"(anonymous_2)","decl":{"start":{"line":31,"column":2},"end":{"line":31,"column":3}},"loc":{"start":{"line":31,"column":25},"end":{"line":33,"column":3}},"line":31}},"branchMap":{"0":{"loc":{"start":{"line":8,"column":25},"end":{"line":8,"column":36}},"type":"default-arg","locations":[{"start":{"line":8,"column":34},"end":{"line":8,"column":36}}],"line":8},"1":{"loc":{"start":{"line":9,"column":4},"end":{"line":11,"column":5}},"type":"if","locations":[{"start":{"line":9,"column":4},"end":{"line":11,"column":5}},{"start":{"line":9,"column":4},"end":{"line":11,"column":5}}],"line":9}},"s":{"0":0,"1":0,"2":0,"3":0,"4":0,"5":0,"6":0,"7":0,"8":0},"f":{"0":0,"1":0,"2":0},"b":{"0":[0],"1":[0,0]}}
,"/home/chipmunkgeek/repositories/marqeta/sdks/core/src/API/index.js": {"path":"/home/chipmunkgeek/repositories/marqeta/sdks/core/src/API/index.js","statementMap":{},"fnMap":{},"branchMap":{},"s":{},"f":{},"b":{}}
,"/home/chipmunkgeek/repositories/marqeta/sdks/core/src/API/ping.js": {"path":"/home/chipmunkgeek/repositories/marqeta/sdks/core/src/API/ping.js","statementMap":{"0":{"start":{"line":4,"column":2},"end":{"line":7,"column":4}}},"fnMap":{"0":{"name":"(anonymous_0)","decl":{"start":{"line":3,"column":15},"end":{"line":3,"column":16}},"loc":{"start":{"line":3,"column":38},"end":{"line":8,"column":1}},"line":3}},"branchMap":{},"s":{"0":0},"f":{"0":0},"b":{}}
,"/home/chipmunkgeek/repositories/marqeta/sdks/core/src/API/Users/index.js": {"path":"/home/chipmunkgeek/repositories/marqeta/sdks/core/src/API/Users/index.js","statementMap":{},"fnMap":{},"branchMap":{},"s":{},"f":{},"b":{}}
,"/home/chipmunkgeek/repositories/marqeta/sdks/core/src/API/Users/list.js": {"path":"/home/chipmunkgeek/repositories/marqeta/sdks/core/src/API/Users/list.js","statementMap":{"0":{"start":{"line":4,"column":2},"end":{"line":9,"column":4}}},"fnMap":{"0":{"name":"(anonymous_0)","decl":{"start":{"line":3,"column":15},"end":{"line":3,"column":16}},"loc":{"start":{"line":3,"column":61},"end":{"line":10,"column":1}},"line":3}},"branchMap":{},"s":{"0":0},"f":{"0":0},"b":{}}
,"/home/chipmunkgeek/repositories/marqeta/sdks/core/src/constants/index.js": {"path":"/home/chipmunkgeek/repositories/marqeta/sdks/core/src/constants/index.js","statementMap":{"0":{"start":{"line":1,"column":27},"end":{"line":1,"column":59}},"1":{"start":{"line":2,"column":24},"end":{"line":2,"column":60}}},"fnMap":{},"branchMap":{},"s":{"0":0,"1":0},"f":{},"b":{}}
,"/home/chipmunkgeek/repositories/marqeta/sdks/core/src/resources/BaseResource.js": {"path":"/home/chipmunkgeek/repositories/marqeta/sdks/core/src/resources/BaseResource.js","statementMap":{"0":{"start":{"line":5,"column":4},"end":{"line":5,"column":25}},"1":{"start":{"line":9,"column":4},"end":{"line":9,"column":78}},"2":{"start":{"line":13,"column":4},"end":{"line":15,"column":5}},"3":{"start":{"line":14,"column":6},"end":{"line":14,"column":102}},"4":{"start":{"line":16,"column":4},"end":{"line":19,"column":6}}},"fnMap":{"0":{"name":"(anonymous_0)","decl":{"start":{"line":4,"column":2},"end":{"line":4,"column":3}},"loc":{"start":{"line":4,"column":27},"end":{"line":6,"column":3}},"line":4},"1":{"name":"(anonymous_1)","decl":{"start":{"line":8,"column":2},"end":{"line":8,"column":3}},"loc":{"start":{"line":8,"column":22},"end":{"line":10,"column":3}},"line":8},"2":{"name":"(anonymous_2)","decl":{"start":{"line":12,"column":2},"end":{"line":12,"column":3}},"loc":{"start":{"line":12,"column":28},"end":{"line":20,"column":3}},"line":12}},"branchMap":{"0":{"loc":{"start":{"line":13,"column":4},"end":{"line":15,"column":5}},"type":"if","locations":[{"start":{"line":13,"column":4},"end":{"line":15,"column":5}},{"start":{"line":13,"column":4},"end":{"line":15,"column":5}}],"line":13}},"s":{"0":0,"1":0,"2":0,"3":0,"4":0},"f":{"0":0,"1":0,"2":0},"b":{"0":[0,0]}}
,"/home/chipmunkgeek/repositories/marqeta/sdks/core/src/resources/Connection.js": {"path":"/home/chipmunkgeek/repositories/marqeta/sdks/core/src/resources/Connection.js","statementMap":{"0":{"start":{"line":5,"column":4},"end":{"line":8,"column":6}}},"fnMap":{"0":{"name":"(anonymous_0)","decl":{"start":{"line":4,"column":2},"end":{"line":4,"column":3}},"loc":{"start":{"line":4,"column":16},"end":{"line":9,"column":3}},"line":4}},"branchMap":{},"s":{"0":0},"f":{"0":0},"b":{}}
,"/home/chipmunkgeek/repositories/marqeta/sdks/core/src/resources/index.js": {"path":"/home/chipmunkgeek/repositories/marqeta/sdks/core/src/resources/index.js","statementMap":{},"fnMap":{},"branchMap":{},"s":{},"f":{},"b":{}}
,"/home/chipmunkgeek/repositories/marqeta/sdks/core/src/testSupport/SharedTests/index.js": {"path":"/home/chipmunkgeek/repositories/marqeta/sdks/core/src/testSupport/SharedTests/index.js","statementMap":{},"fnMap":{},"branchMap":{},"s":{},"f":{},"b":{},"_coverageSchema":"1a1c01bbd47fc00a2c39e90264f33305004495a9","hash":"36b834dcafa14ab63e479349df44b21375f37fe8"}
,"/home/chipmunkgeek/repositories/marqeta/sdks/core/src/testSupport/SharedTests/itDoesNotThrowArgumentError.js": {"path":"/home/chipmunkgeek/repositories/marqeta/sdks/core/src/testSupport/SharedTests/itDoesNotThrowArgumentError.js","statementMap":{"0":{"start":{"line":2,"column":20},"end":{"line":6,"column":1}},"1":{"start":{"line":3,"column":2},"end":{"line":5,"column":4}},"2":{"start":{"line":4,"column":4},"end":{"line":4,"column":62}},"3":{"start":{"line":4,"column":17},"end":{"line":4,"column":34}}},"fnMap":{"0":{"name":"(anonymous_0)","decl":{"start":{"line":2,"column":20},"end":{"line":2,"column":21}},"loc":{"start":{"line":2,"column":33},"end":{"line":6,"column":1}},"line":2},"1":{"name":"(anonymous_1)","decl":{"start":{"line":3,"column":40},"end":{"line":3,"column":41}},"loc":{"start":{"line":3,"column":52},"end":{"line":5,"column":3}},"line":3},"2":{"name":"(anonymous_2)","decl":{"start":{"line":4,"column":11},"end":{"line":4,"column":12}},"loc":{"start":{"line":4,"column":17},"end":{"line":4,"column":34}},"line":4}},"branchMap":{},"s":{"0":1,"1":0,"2":0,"3":0},"f":{"0":0,"1":0,"2":0},"b":{},"_coverageSchema":"1a1c01bbd47fc00a2c39e90264f33305004495a9","hash":"ec4dac14b6b5264f525010faae983f53c4f464f9"}
,"/home/chipmunkgeek/repositories/marqeta/sdks/core/src/testSupport/SharedTests/itRestrictsValidArgumentValues.js": {"path":"/home/chipmunkgeek/repositories/marqeta/sdks/core/src/testSupport/SharedTests/itRestrictsValidArgumentValues.js","statementMap":{"0":{"start":{"line":2,"column":20},"end":{"line":9,"column":1}},"1":{"start":{"line":3,"column":2},"end":{"line":8,"column":4}},"2":{"start":{"line":4,"column":4},"end":{"line":6,"column":5}},"3":{"start":{"line":5,"column":6},"end":{"line":5,"column":68}},"4":{"start":{"line":5,"column":19},"end":{"line":5,"column":40}},"5":{"start":{"line":7,"column":4},"end":{"line":7,"column":76}},"6":{"start":{"line":7,"column":17},"end":{"line":7,"column":52}}},"fnMap":{"0":{"name":"(anonymous_0)","decl":{"start":{"line":2,"column":20},"end":{"line":2,"column":21}},"loc":{"start":{"line":2,"column":33},"end":{"line":9,"column":1}},"line":2},"1":{"name":"(anonymous_1)","decl":{"start":{"line":3,"column":57},"end":{"line":3,"column":58}},"loc":{"start":{"line":3,"column":63},"end":{"line":8,"column":3}},"line":3},"2":{"name":"(anonymous_2)","decl":{"start":{"line":5,"column":13},"end":{"line":5,"column":14}},"loc":{"start":{"line":5,"column":19},"end":{"line":5,"column":40}},"line":5},"3":{"name":"(anonymous_3)","decl":{"start":{"line":7,"column":11},"end":{"line":7,"column":12}},"loc":{"start":{"line":7,"column":17},"end":{"line":7,"column":52}},"line":7}},"branchMap":{},"s":{"0":1,"1":0,"2":0,"3":0,"4":0,"5":0,"6":0},"f":{"0":0,"1":0,"2":0,"3":0},"b":{},"_coverageSchema":"1a1c01bbd47fc00a2c39e90264f33305004495a9","hash":"18644ec5a61de0222638eaf5c9587b4f766bc3c0"}
,"/home/chipmunkgeek/repositories/marqeta/sdks/core/src/testSupport/SharedTests/itThrowsArgumentError.js": {"path":"/home/chipmunkgeek/repositories/marqeta/sdks/core/src/testSupport/SharedTests/itThrowsArgumentError.js","statementMap":{"0":{"start":{"line":2,"column":20},"end":{"line":6,"column":1}},"1":{"start":{"line":3,"column":2},"end":{"line":5,"column":4}},"2":{"start":{"line":4,"column":4},"end":{"line":4,"column":58}},"3":{"start":{"line":4,"column":17},"end":{"line":4,"column":34}}},"fnMap":{"0":{"name":"(anonymous_0)","decl":{"start":{"line":2,"column":20},"end":{"line":2,"column":21}},"loc":{"start":{"line":2,"column":33},"end":{"line":6,"column":1}},"line":2},"1":{"name":"(anonymous_1)","decl":{"start":{"line":3,"column":32},"end":{"line":3,"column":33}},"loc":{"start":{"line":3,"column":44},"end":{"line":5,"column":3}},"line":3},"2":{"name":"(anonymous_2)","decl":{"start":{"line":4,"column":11},"end":{"line":4,"column":12}},"loc":{"start":{"line":4,"column":17},"end":{"line":4,"column":34}},"line":4}},"branchMap":{},"s":{"0":1,"1":0,"2":0,"3":0},"f":{"0":0,"1":0,"2":0},"b":{},"_coverageSchema":"1a1c01bbd47fc00a2c39e90264f33305004495a9","hash":"7e77cf2223c5ce72a90ec60d0b30d6a2b3905c5c"}
,"/home/chipmunkgeek/repositories/marqeta/sdks/core/src/utils/index.js": {"path":"/home/chipmunkgeek/repositories/marqeta/sdks/core/src/utils/index.js","statementMap":{"0":{"start":{"line":7,"column":36},"end":{"line":11,"column":1}},"1":{"start":{"line":8,"column":2},"end":{"line":10,"column":3}},"2":{"start":{"line":9,"column":4},"end":{"line":9,"column":78}},"3":{"start":{"line":13,"column":25},"end":{"line":18,"column":1}},"4":{"start":{"line":14,"column":2},"end":{"line":16,"column":3}},"5":{"start":{"line":15,"column":4},"end":{"line":15,"column":29}},"6":{"start":{"line":17,"column":2},"end":{"line":17,"column":20}},"7":{"start":{"line":20,"column":25},"end":{"line":24,"column":1}},"8":{"start":{"line":21,"column":2},"end":{"line":21,"column":27}},"9":{"start":{"line":22,"column":2},"end":{"line":22,"column":21}},"10":{"start":{"line":23,"column":2},"end":{"line":23,"column":15}}},"fnMap":{"0":{"name":"(anonymous_0)","decl":{"start":{"line":7,"column":36},"end":{"line":7,"column":37}},"loc":{"start":{"line":7,"column":45},"end":{"line":11,"column":1}},"line":7},"1":{"name":"(anonymous_1)","decl":{"start":{"line":13,"column":25},"end":{"line":13,"column":26}},"loc":{"start":{"line":13,"column":42},"end":{"line":18,"column":1}},"line":13},"2":{"name":"(anonymous_2)","decl":{"start":{"line":20,"column":25},"end":{"line":20,"column":26}},"loc":{"start":{"line":20,"column":49},"end":{"line":24,"column":1}},"line":20}},"branchMap":{"0":{"loc":{"start":{"line":8,"column":2},"end":{"line":10,"column":3}},"type":"if","locations":[{"start":{"line":8,"column":2},"end":{"line":10,"column":3}},{"start":{"line":8,"column":2},"end":{"line":10,"column":3}}],"line":8},"1":{"loc":{"start":{"line":14,"column":2},"end":{"line":16,"column":3}},"type":"if","locations":[{"start":{"line":14,"column":2},"end":{"line":16,"column":3}},{"start":{"line":14,"column":2},"end":{"line":16,"column":3}}],"line":14}},"s":{"0":0,"1":0,"2":0,"3":0,"4":0,"5":0,"6":0,"7":0,"8":0,"9":0,"10":0},"f":{"0":0,"1":0,"2":0},"b":{"0":[0,0],"1":[0,0]}}
,"/home/chipmunkgeek/repositories/marqeta/sdks/core/src/utils/makeRequest.js": {"path":"/home/chipmunkgeek/repositories/marqeta/sdks/core/src/utils/makeRequest.js","statementMap":{"0":{"start":{"line":11,"column":22},"end":{"line":11,"column":54}},"1":{"start":{"line":13,"column":20},"end":{"line":40,"column":1}},"2":{"start":{"line":14,"column":2},"end":{"line":39,"column":3}},"3":{"start":{"line":15,"column":4},"end":{"line":15,"column":41}},"4":{"start":{"line":16,"column":4},"end":{"line":18,"column":5}},"5":{"start":{"line":17,"column":6},"end":{"line":17,"column":20}},"6":{"start":{"line":19,"column":19},"end":{"line":22,"column":5}},"7":{"start":{"line":23,"column":4},"end":{"line":29,"column":5}},"8":{"start":{"line":25,"column":6},"end":{"line":28,"column":7}},"9":{"start":{"line":30,"column":4},"end":{"line":34,"column":5}},"10":{"start":{"line":31,"column":6},"end":{"line":31,"column":28}},"11":{"start":{"line":32,"column":11},"end":{"line":34,"column":5}},"12":{"start":{"line":33,"column":6},"end":{"line":33,"column":24}},"13":{"start":{"line":35,"column":20},"end":{"line":35,"column":39}},"14":{"start":{"line":36,"column":4},"end":{"line":36,"column":23}},"15":{"start":{"line":38,"column":4},"end":{"line":38,"column":20}}},"fnMap":{"0":{"name":"(anonymous_0)","decl":{"start":{"line":13,"column":20},"end":{"line":13,"column":21}},"loc":{"start":{"line":13,"column":94},"end":{"line":40,"column":1}},"line":13}},"branchMap":{"0":{"loc":{"start":{"line":13,"column":42},"end":{"line":13,"column":53}},"type":"default-arg","locations":[{"start":{"line":13,"column":51},"end":{"line":13,"column":53}}],"line":13},"1":{"loc":{"start":{"line":13,"column":55},"end":{"line":13,"column":64}},"type":"default-arg","locations":[{"start":{"line":13,"column":62},"end":{"line":13,"column":64}}],"line":13},"2":{"loc":{"start":{"line":16,"column":4},"end":{"line":18,"column":5}},"type":"if","locations":[{"start":{"line":16,"column":4},"end":{"line":18,"column":5}},{"start":{"line":16,"column":4},"end":{"line":18,"column":5}}],"line":16},"3":{"loc":{"start":{"line":23,"column":4},"end":{"line":29,"column":5}},"type":"if","locations":[{"start":{"line":23,"column":4},"end":{"line":29,"column":5}},{"start":{"line":23,"column":4},"end":{"line":29,"column":5}}],"line":23},"4":{"loc":{"start":{"line":23,"column":8},"end":{"line":24,"column":64}},"type":"binary-expr","locations":[{"start":{"line":23,"column":8},"end":{"line":23,"column":39}},{"start":{"line":23,"column":43},"end":{"line":23,"column":58}},{"start":{"line":24,"column":8},"end":{"line":24,"column":42}},{"start":{"line":24,"column":46},"end":{"line":24,"column":64}}],"line":23},"5":{"loc":{"start":{"line":30,"column":4},"end":{"line":34,"column":5}},"type":"if","locations":[{"start":{"line":30,"column":4},"end":{"line":34,"column":5}},{"start":{"line":30,"column":4},"end":{"line":34,"column":5}}],"line":30},"6":{"loc":{"start":{"line":30,"column":8},"end":{"line":30,"column":54}},"type":"binary-expr","locations":[{"start":{"line":30,"column":8},"end":{"line":30,"column":24}},{"start":{"line":30,"column":28},"end":{"line":30,"column":54}}],"line":30},"7":{"loc":{"start":{"line":32,"column":11},"end":{"line":34,"column":5}},"type":"if","locations":[{"start":{"line":32,"column":11},"end":{"line":34,"column":5}},{"start":{"line":32,"column":11},"end":{"line":34,"column":5}}],"line":32}},"s":{"0":0,"1":0,"2":0,"3":0,"4":0,"5":0,"6":0,"7":0,"8":0,"9":0,"10":0,"11":0,"12":0,"13":0,"14":0,"15":0},"f":{"0":0},"b":{"0":[0],"1":[0],"2":[0,0],"3":[0,0],"4":[0,0,0,0],"5":[0,0],"6":[0,0],"7":[0,0]}}
,"/home/chipmunkgeek/repositories/marqeta/sdks/core/src/utils/CustomErrors/ArgumentError.js": {"path":"/home/chipmunkgeek/repositories/marqeta/sdks/core/src/utils/CustomErrors/ArgumentError.js","statementMap":{"0":{"start":{"line":3,"column":4},"end":{"line":3,"column":18}},"1":{"start":{"line":4,"column":4},"end":{"line":4,"column":37}}},"fnMap":{"0":{"name":"(anonymous_0)","decl":{"start":{"line":2,"column":2},"end":{"line":2,"column":3}},"loc":{"start":{"line":2,"column":24},"end":{"line":5,"column":3}},"line":2}},"branchMap":{},"s":{"0":0,"1":0},"f":{"0":0},"b":{},"_coverageSchema":"1a1c01bbd47fc00a2c39e90264f33305004495a9","hash":"1e00080997079e3412f355102a27cc9910b1b577"}
,"/home/chipmunkgeek/repositories/marqeta/sdks/core/src/utils/CustomErrors/index.js": {"path":"/home/chipmunkgeek/repositories/marqeta/sdks/core/src/utils/CustomErrors/index.js","statementMap":{},"fnMap":{},"branchMap":{},"s":{},"f":{},"b":{},"_coverageSchema":"1a1c01bbd47fc00a2c39e90264f33305004495a9","hash":"885385b4ddfcfe4a69248edab759424fe6c5de43"}
}
